\BOOKMARK [0][-]{chapter.1}{Introduction}{}% 1
\BOOKMARK [1][-]{section.1.1}{Motivation and Background}{chapter.1}% 2
\BOOKMARK [1][-]{section.1.2}{Goal and Research Questions}{chapter.1}% 3
\BOOKMARK [1][-]{section.1.3}{Thesis Structure}{chapter.1}% 4
\BOOKMARK [0][-]{chapter.2}{Background}{}% 5
\BOOKMARK [1][-]{section.2.1}{The Wind Farm Layout Optimization Problem}{chapter.2}% 6
\BOOKMARK [2][-]{subsection.2.1.1}{Definition of the Wind Farm Layout Optimization Problem}{section.2.1}% 7
\BOOKMARK [2][-]{subsection.2.1.2}{Challenges of wind farm construction}{section.2.1}% 8
\BOOKMARK [1][-]{section.2.2}{Genetic Algorithms}{chapter.2}% 9
\BOOKMARK [2][-]{subsection.2.2.1}{Simple Genetic Algorithms \(SGAs\)}{section.2.2}% 10
\BOOKMARK [2][-]{subsection.2.2.2}{Distributed Genetic Algorithms \(DGAs\)}{section.2.2}% 11
\BOOKMARK [0][-]{chapter.3}{Related Work}{}% 12
\BOOKMARK [1][-]{section.3.1}{Wind Farm Layout Optimization using Genetic Algorithms}{chapter.3}% 13
\BOOKMARK [1][-]{section.3.2}{Wind Farm Layout Optimization Different Approaches}{chapter.3}% 14
\BOOKMARK [1][-]{section.3.3}{Discussion Related Work}{chapter.3}% 15
\BOOKMARK [0][-]{chapter.4}{Technical Description}{}% 16
\BOOKMARK [1][-]{section.4.1}{Application User Interface \(API\)}{chapter.4}% 17
\BOOKMARK [2][-]{subsection.4.1.1}{Genetic Algorithm}{section.4.1}% 18
\BOOKMARK [2][-]{subsection.4.1.2}{Fitness function}{section.4.1}% 19
\BOOKMARK [2][-]{subsection.4.1.3}{Wake-, Wind- and Power Model}{section.4.1}% 20
\BOOKMARK [1][-]{section.4.2}{Test Simulation}{chapter.4}% 21
\BOOKMARK [1][-]{section.4.3}{Future Work}{chapter.4}% 22
\BOOKMARK [0][-]{figure.caption.28}{Bibliography}{}% 23
